[2023-11-29 11:22:17 INFO]: install::setup-logging ended
================
[2023-11-29 11:22:17 INFO]: install::start-up started
[2023-11-29 11:22:17 INFO]: install::start-up running image
[2023-11-29 11:22:17 INFO]: install::start-up running image
[2023-11-29 11:22:17 INFO]: install::start-up ended
================
[2023-11-29 11:24:13 INFO]: install::root-check started
[2023-11-29 11:24:13 INFO]: install::root-check ended
================
[2023-11-29 11:24:13 INFO]: install::docker-check started
[2023-11-29 11:24:13 INFO]: install::docker-check ended
================
[2023-11-29 11:24:13 INFO]: install::docker-compose-check started
[2023-11-29 11:24:13 INFO]: install::docker-compose-check ended
================
[2023-11-29 11:24:13 INFO]: install::tear-down started
[2023-11-29 11:24:13 INFO]: install::tear-down starting services
[2023-11-29 11:24:13 INFO]: install::tear-down ended
================
